\BOOKMARK [0][-]{chapter.1}{Introduction}{}% 1
\BOOKMARK [0][-]{chapter.2}{The\040Standard\040Model\040of\040Particle\040Physics}{}% 2
\BOOKMARK [1][-]{section.2.1}{Gauge\040Symmetries\040of\040the\040SM}{chapter.2}% 3
\BOOKMARK [2][-]{subsection.2.1.1}{Gauge\040Group\040SU\(3\)\040C}{section.2.1}% 4
\BOOKMARK [2][-]{subsection.2.1.2}{Gauge\040Group\040SU\(2\)\040L}{section.2.1}% 5
\BOOKMARK [2][-]{subsection.2.1.3}{Gauge\040Group\040U\(1\)\040Y}{section.2.1}% 6
\BOOKMARK [1][-]{section.2.2}{The\040SM\040Lagrange\040Density}{chapter.2}% 7
\BOOKMARK [2][-]{subsection.2.2.1}{Fields\040of\040the\040SM}{section.2.2}% 8
\BOOKMARK [2][-]{subsection.2.2.2}{The\040Higgs\040Sector\040and\040EWSB}{section.2.2}% 9
\BOOKMARK [2][-]{subsection.2.2.3}{Ghosts\040and\040Gauge\040Fixing}{section.2.2}% 10
\BOOKMARK [2][-]{subsection.2.2.4}{The\040Total\040SM\040Lagrange\040Density\040and\040Conventions}{section.2.2}% 11
\BOOKMARK [1][-]{section.2.3}{Pole-to-MS\040Mass\040Relation\040for\040the\040Top\040Quark}{chapter.2}% 12
\BOOKMARK [0][-]{chapter.3}{The\040Minimal\040Supersymmetric\040Standard\040Model}{}% 13
\BOOKMARK [1][-]{section.3.1}{General\040Concepts\040of\040SUSY}{chapter.3}% 14
\BOOKMARK [2][-]{subsection.3.1.1}{Super-Poincaré Algebra and Superpartners}{section.3.1}% 15
\BOOKMARK [2][-]{subsection.3.1.2}{Soft\040SUSY\040Breaking}{section.3.1}% 16
\BOOKMARK [1][-]{section.3.2}{The\040MSSM's\040Structure}{chapter.3}% 17
\BOOKMARK [2][-]{subsection.3.2.1}{Higgs\040Sector}{section.3.2}% 18
\BOOKMARK [2][-]{subsection.3.2.2}{Sfermion\040Masses}{section.3.2}% 19
\BOOKMARK [0][-]{chapter.4}{FlexibleSUSY}{}% 20
\BOOKMARK [1][-]{section.4.1}{Overview\040of\040the\040Program}{chapter.4}% 21
\BOOKMARK [1][-]{section.4.2}{High\040Scale\040MSSM\040\(HSSUSY\)}{chapter.4}% 22
\BOOKMARK [0][-]{chapter.5}{\040Extraction\040of\040O\(s\040t+t2\)\040Terms\040for\040mt}{}% 23
\BOOKMARK [1][-]{section.5.1}{Motivation}{chapter.5}% 24
\BOOKMARK [1][-]{section.5.2}{Gauge\040Analysis}{chapter.5}% 25
\BOOKMARK [1][-]{section.5.3}{Applying\040the\040Gaugeless\040Limit}{chapter.5}% 26
\BOOKMARK [1][-]{section.5.4}{Implementation\040into\040FlexibleSUSY}{chapter.5}% 27
\BOOKMARK [1][-]{section.5.5}{Analysis\040of\040O\(s\040t+t2\)\040Terms}{chapter.5}% 28
\BOOKMARK [0][-]{chapter.6}{Higgs\040Mass\040Uncertainty\040Estimation}{}% 29
\BOOKMARK [1][-]{section.6.1}{Uncertainty\040Sources}{chapter.6}% 30
\BOOKMARK [1][-]{section.6.2}{Results}{chapter.6}% 31
\BOOKMARK [0][-]{chapter.7}{Conclusion}{}% 32
\BOOKMARK [0][-]{section*.18}{Appendices}{}% 33
\BOOKMARK [0][-]{Appendix.1.A}{The\040Top\040Quark\040Self-Energy\040at\040Order\040O\(s\)}{}% 34
\BOOKMARK [0][-]{Appendix.1.B}{Loop\040Corrections\040to\040mt}{}% 35
